Tue, 29 Jul 2025 06:26:12 GMT morgan deprecated morgan(options): use morgan("dev", options) instead at layout_loader.js:8:9
Node.js is listening to PORT:3000
[0mGET /layout_loader?file_path=splash&dir_name=layouts& [0m-[0m - ms - -[0m
{ file_path: 'splash', dir_name: 'layouts' }
[0mGET /layout_loader?file_path=including&dir_name=binding_builder& [0m-[0m - ms - -[0m
{ file_path: 'including', dir_name: 'binding_builder' }
Error: ENOENT: no such file or directory, open '/Users/like-a-rolling_stone/resource/bindingTestApp/bindingTestApp/bindingTestApp/Layouts/including.json'
    at Object.openSync (node:fs:590:3)
    at Object.readFileSync (node:fs:458:35)
    at /Users/like-a-rolling_stone/resource/bindingTestApp/bindingTestApp/bindingTestApp/hot_loader/layout_loader.js:27:18
    at Layer.handle [as handle_request] (/Users/like-a-rolling_stone/resource/bindingTestApp/bindingTestApp/bindingTestApp/hot_loader/node_modules/express/lib/router/layer.js:95:5)
    at next (/Users/like-a-rolling_stone/resource/bindingTestApp/bindingTestApp/bindingTestApp/hot_loader/node_modules/express/lib/router/route.js:137:13)
    at Route.dispatch (/Users/like-a-rolling_stone/resource/bindingTestApp/bindingTestApp/bindingTestApp/hot_loader/node_modules/express/lib/router/route.js:112:3)
    at Layer.handle [as handle_request] (/Users/like-a-rolling_stone/resource/bindingTestApp/bindingTestApp/bindingTestApp/hot_loader/node_modules/express/lib/router/layer.js:95:5)
    at /Users/like-a-rolling_stone/resource/bindingTestApp/bindingTestApp/bindingTestApp/hot_loader/node_modules/express/lib/router/index.js:281:22
    at Function.process_params (/Users/like-a-rolling_stone/resource/bindingTestApp/bindingTestApp/bindingTestApp/hot_loader/node_modules/express/lib/router/index.js:335:12)
    at next (/Users/like-a-rolling_stone/resource/bindingTestApp/bindingTestApp/bindingTestApp/hot_loader/node_modules/express/lib/router/index.js:275:10)
[0mGET /layout_loader?file_path=including&dir_name=binding_builder& [0m-[0m - ms - -[0m
{ file_path: 'including', dir_name: 'binding_builder' }
Error: ENOENT: no such file or directory, open '/Users/like-a-rolling_stone/resource/bindingTestApp/bindingTestApp/bindingTestApp/Layouts/including.json'
    at Object.openSync (node:fs:590:3)
    at Object.readFileSync (node:fs:458:35)
    at /Users/like-a-rolling_stone/resource/bindingTestApp/bindingTestApp/bindingTestApp/hot_loader/layout_loader.js:27:18
    at Layer.handle [as handle_request] (/Users/like-a-rolling_stone/resource/bindingTestApp/bindingTestApp/bindingTestApp/hot_loader/node_modules/express/lib/router/layer.js:95:5)
    at next (/Users/like-a-rolling_stone/resource/bindingTestApp/bindingTestApp/bindingTestApp/hot_loader/node_modules/express/lib/router/route.js:137:13)
    at Route.dispatch (/Users/like-a-rolling_stone/resource/bindingTestApp/bindingTestApp/bindingTestApp/hot_loader/node_modules/express/lib/router/route.js:112:3)
    at Layer.handle [as handle_request] (/Users/like-a-rolling_stone/resource/bindingTestApp/bindingTestApp/bindingTestApp/hot_loader/node_modules/express/lib/router/layer.js:95:5)
    at /Users/like-a-rolling_stone/resource/bindingTestApp/bindingTestApp/bindingTestApp/hot_loader/node_modules/express/lib/router/index.js:281:22
    at Function.process_params (/Users/like-a-rolling_stone/resource/bindingTestApp/bindingTestApp/bindingTestApp/hot_loader/node_modules/express/lib/router/index.js:335:12)
    at next (/Users/like-a-rolling_stone/resource/bindingTestApp/bindingTestApp/bindingTestApp/hot_loader/node_modules/express/lib/router/index.js:275:10)
[0mGET /layout_loader?file_path=including&dir_name=binding_builder& [0m-[0m - ms - -[0m
{ file_path: 'including', dir_name: 'binding_builder' }
Error: ENOENT: no such file or directory, open '/Users/like-a-rolling_stone/resource/bindingTestApp/bindingTestApp/bindingTestApp/Layouts/including.json'
    at Object.openSync (node:fs:590:3)
    at Object.readFileSync (node:fs:458:35)
    at /Users/like-a-rolling_stone/resource/bindingTestApp/bindingTestApp/bindingTestApp/hot_loader/layout_loader.js:27:18
    at Layer.handle [as handle_request] (/Users/like-a-rolling_stone/resource/bindingTestApp/bindingTestApp/bindingTestApp/hot_loader/node_modules/express/lib/router/layer.js:95:5)
    at next (/Users/like-a-rolling_stone/resource/bindingTestApp/bindingTestApp/bindingTestApp/hot_loader/node_modules/express/lib/router/route.js:137:13)
    at Route.dispatch (/Users/like-a-rolling_stone/resource/bindingTestApp/bindingTestApp/bindingTestApp/hot_loader/node_modules/express/lib/router/route.js:112:3)
    at Layer.handle [as handle_request] (/Users/like-a-rolling_stone/resource/bindingTestApp/bindingTestApp/bindingTestApp/hot_loader/node_modules/express/lib/router/layer.js:95:5)
    at /Users/like-a-rolling_stone/resource/bindingTestApp/bindingTestApp/bindingTestApp/hot_loader/node_modules/express/lib/router/index.js:281:22
    at Function.process_params (/Users/like-a-rolling_stone/resource/bindingTestApp/bindingTestApp/bindingTestApp/hot_loader/node_modules/express/lib/router/index.js:335:12)
    at next (/Users/like-a-rolling_stone/resource/bindingTestApp/bindingTestApp/bindingTestApp/hot_loader/node_modules/express/lib/router/index.js:275:10)
[0mGET /layout_loader?file_path=listitem_cell&dir_name=layouts& [0m-[0m - ms - -[0m
{ file_path: 'listitem_cell', dir_name: 'layouts' }
